<?xml version="1.0" encoding="UTF-8"?>
<testsuite name="LibraryTest" tests="1" skipped="0" failures="0" errors="0" timestamp="2015-08-13T15:41:36" hostname="antigua" time="0.131">
  <properties/>
  <testcase name="someLibraryMethod returns true" classname="LibraryTest" time="0.131"/>
  <system-out><![CDATA[]]></system-out>
  <system-err><![CDATA[]]></system-err>
</testsuite>
