<?xml version="1.0" encoding="UTF-8"?>
<testsuite name="LibraryTest" tests="1" skipped="0" failures="0" errors="0" timestamp="2015-08-15T13:49:44" hostname="Stefans-iMac.local" time="0.063">
  <properties/>
  <testcase name="someLibraryMethod returns true" classname="LibraryTest" time="0.063"/>
  <system-out><![CDATA[]]></system-out>
  <system-err><![CDATA[]]></system-err>
</testsuite>
